#
# A fatal error has been detected by the Java Runtime Environment:
#
#  EXCEPTION_ACCESS_VIOLATION (0xc0000005) at pc=0x000000005ea5db72, pid=4092, tid=0x0000000000000d84
#
# JRE version: OpenJDK Runtime Environment (8.0_76-b03) (build 1.8.0_76-release-b03)
# Java VM: OpenJDK 64-Bit Server VM (25.76-b03 mixed mode windows-amd64 compressed oops)
# Problematic frame:
# V  [jvm.dll+0xedb72]
#
# Failed to write core dump. Minidumps are not enabled by default on client versions of Windows
#
# If you would like to submit a bug report, please visit:
#   http://bugreport.java.com/bugreport/crash.jsp
#

---------------  T H R E A D  ---------------

Current thread (0x00000000030ab800):  GCTaskThread [stack: 0x0000000012d60000,0x0000000012e60000] [id=3460]

siginfo: ExceptionCode=0xc0000005, reading address 0xffffffffffffffff

Registers:
RAX=0x0000000012e60000, RBX=0x0000000000000400, RCX=0x0000000000000000, RDX=0x00000000b3d26bd4
RSP=0x0000000012e5f310, RBP=0x00000001000062c8, RSI=0x000000000317ad40, RDI=0x000000000317ad40
R8 =0x0000000000000000, R9 =0x007fffffffb00002, R10=0x000000000000be7e, R11=0x00000000b3d26be8
R12=0x00000000030abe00, R13=0x00000000030ac1d8, R14=0x00000000000003d8, R15=0x0000000000000000
RIP=0x000000005ea5db72, EFLAGS=0x0000000000010246

Top of Stack: (sp=0x0000000012e5f310)
0x0000000012e5f310:   00000000b3d26be8 000000005ea5e0d6
0x0000000012e5f320:   0000000000000000 000000000317ad40
0x0000000012e5f330:   00000000b3d26bd4 000000005ea6e5dd
0x0000000012e5f340:   00000000b3d26bc0 00000000000003d8
0x0000000012e5f350:   00000000030ac1d8 00000000030a29e0
0x0000000012e5f360:   00000000030a29e0 000000005ed2eb00
0x0000000012e5f370:   000000000000be7e 00000000169d54a0
0x0000000012e5f380:   000000000317ad40 00000000030abe00
0x0000000012e5f390:   0000000000000000 0000000000000c00
0x0000000012e5f3a0:   0000000000000000 0000000000000000
0x0000000012e5f3b0:   0000000000000000 000000001cb84000
0x0000000012e5f3c0:   0000000000000001 00000000fd99d501
0x0000000012e5f3d0:   00004c012d677dd6 00000000030ac1d8
0x0000000012e5f3e0:   00000000030abe00 00000000000003d8
0x0000000012e5f3f0:   00000000030abe00 00000000030a29e0
0x0000000012e5f400:   00000000030abdf0 00000000169d54a0 

Instructions: (pc=0x000000005ea5db72)
0x000000005ea5db52:   aa c1 6c 00 49 c1 e9 03 49 d3 e9 41 0f b6 c1 49
0x000000005ea5db62:   c1 e9 06 24 3f 44 0f b6 c0 48 8b 05 be c1 6c 00
0x000000005ea5db72:   4a 8b 0c c8 4c 0f a3 c1 72 17 48 8b cb e8 ac 6c
0x000000005ea5db82:   ff ff 84 c0 74 0b 48 8b d3 48 8b cf e8 4d ea ff 


Register to memory mapping:

RAX=0x0000000012e60000 is an unknown value
RBX=0x0000000000000400 is an unknown value
RCX=0x0000000000000000 is an unknown value
RDX=0x00000000b3d26bd4 is pointing into object: 0x00000000b3d26bc0
java.lang.ref.Finalizer 
 - klass: 'java/lang/ref/Finalizer'
RSP=0x0000000012e5f310 is an unknown value
RBP=0x00000001000062c8 is pointing into metadata
RSI=0x000000000317ad40 is an unknown value
RDI=0x000000000317ad40 is an unknown value
R8 =0x0000000000000000 is an unknown value
R9 =0x007fffffffb00002 is an unknown value
R10=0x000000000000be7e is an unknown value
R11=0x00000000b3d26be8 is an oop
java.io.FileInputStream 
 - klass: 'java/io/FileInputStream'
R12=0x00000000030abe00 is an unknown value
R13=0x00000000030ac1d8 is an unknown value
R14=0x00000000000003d8 is an unknown value
R15=0x0000000000000000 is an unknown value


Stack: [0x0000000012d60000,0x0000000012e60000],  sp=0x0000000012e5f310,  free space=1020k
Native frames: (J=compiled Java code, j=interpreted, Vv=VM code, C=native code)
V  [jvm.dll+0xedb72]
V  [jvm.dll+0xfe5dd]
V  [jvm.dll+0x3beb00]
V  [jvm.dll+0x3bbb23]
V  [jvm.dll+0x3b997e]
V  [jvm.dll+0x26b60a]
C  [msvcr100.dll+0x21d9f]
C  [msvcr100.dll+0x21e3b]
C  [KERNEL32.DLL+0x14034]
C  [ntdll.dll+0x73691]


---------------  P R O C E S S  ---------------

Java Threads: ( => current thread )
  0x000000001cb84000 JavaThread "pool-78-thread-4" [_thread_blocked, id=8776, stack(0x000000003c3d0000,0x000000003c4d0000)]
  0x000000001cb87000 JavaThread "pool-78-thread-3" [_thread_blocked, id=13612, stack(0x000000003c2d0000,0x000000003c3d0000)]
  0x000000001cb88800 JavaThread "pool-78-thread-2" [_thread_blocked, id=6572, stack(0x000000003c1d0000,0x000000003c2d0000)]
  0x000000001cb89800 JavaThread "pool-79-thread-1" [_thread_blocked, id=4788, stack(0x000000003c0d0000,0x000000003c1d0000)]
  0x000000001cb85000 JavaThread "pool-78-thread-1" [_thread_blocked, id=7824, stack(0x000000003bfd0000,0x000000003c0d0000)]
  0x0000000019e01800 JavaThread "pool-74-thread-4" [_thread_blocked, id=2808, stack(0x00000000745b0000,0x00000000746b0000)]
  0x0000000019dfe800 JavaThread "pool-74-thread-3" [_thread_blocked, id=11720, stack(0x00000000744b0000,0x00000000745b0000)]
  0x0000000019df8800 JavaThread "pool-74-thread-2" [_thread_blocked, id=5876, stack(0x00000000743b0000,0x00000000744b0000)]
  0x000000001b364000 JavaThread "pool-74-thread-1" [_thread_blocked, id=6060, stack(0x00000000742b0000,0x00000000743b0000)]
  0x0000000018353000 JavaThread "Stdin handler" [_thread_blocked, id=13816, stack(0x00000000729b0000,0x0000000072ab0000)]
  0x000000001834a800 JavaThread "Asynchronous log dispatcher for org.gradle.launcher.daemon.server.DefaultDaemonConnection@15ffa194" [_thread_blocked, id=13936, stack(0x00000000728b0000,0x00000000729b0000)]
  0x0000000018351800 JavaThread "Daemon worker Thread 5" [_thread_blocked, id=13908, stack(0x00000000727b0000,0x00000000728b0000)]
  0x0000000018347800 JavaThread "Cancel handler" [_thread_blocked, id=3732, stack(0x00000000726b0000,0x00000000727b0000)]
  0x0000000018349000 JavaThread "Handler for socket connection from /127.0.0.1:49919 to /127.0.0.1:54145" [_thread_in_native, id=13336, stack(0x00000000725b0000,0x00000000726b0000)]
  0x0000000018346000 JavaThread "Daemon Thread 5" [_thread_blocked, id=7960, stack(0x00000000724b0000,0x00000000725b0000)]
  0x000000001834a000 JavaThread "pool-10-thread-4" [_thread_blocked, id=8228, stack(0x00000000718b0000,0x00000000719b0000)]
  0x000000001834f000 JavaThread "pool-10-thread-3" [_thread_blocked, id=2732, stack(0x0000000028f00000,0x0000000029000000)]
  0x0000000018348800 JavaThread "pool-10-thread-2" [_thread_blocked, id=13564, stack(0x0000000027e00000,0x0000000027f00000)]
  0x0000000018350800 JavaThread "pool-10-thread-1" [_thread_blocked, id=12500, stack(0x0000000025b30000,0x0000000025c30000)]
  0x0000000018352000 JavaThread "Java2D Disposer" daemon [_thread_blocked, id=12560, stack(0x0000000024f30000,0x0000000025030000)]
  0x000000001b262800 JavaThread "File lock request listener" [_thread_in_native, id=9152, stack(0x000000001d300000,0x000000001d400000)]
  0x0000000019224800 JavaThread "pool-1-thread-1" [_thread_blocked, id=9008, stack(0x000000001a4f0000,0x000000001a5f0000)]
  0x0000000019584000 JavaThread "Incoming local TCP Connector on port 49919" [_thread_in_native, id=7244, stack(0x000000001a140000,0x000000001a240000)]
  0x00000000181cf800 JavaThread "Service Thread" daemon [_thread_blocked, id=10452, stack(0x0000000018770000,0x0000000018870000)]
  0x00000000181ca800 JavaThread "C1 CompilerThread2" daemon [_thread_blocked, id=4824, stack(0x0000000018670000,0x0000000018770000)]
  0x0000000016b5d000 JavaThread "C2 CompilerThread1" daemon [_thread_blocked, id=10336, stack(0x0000000018570000,0x0000000018670000)]
  0x0000000016b5b000 JavaThread "C2 CompilerThread0" daemon [_thread_blocked, id=9268, stack(0x0000000018070000,0x0000000018170000)]
  0x0000000016b57800 JavaThread "Attach Listener" daemon [_thread_blocked, id=2344, stack(0x0000000017f70000,0x0000000018070000)]
  0x0000000016b0d000 JavaThread "Signal Dispatcher" daemon [_thread_blocked, id=2632, stack(0x0000000017e70000,0x0000000017f70000)]
  0x0000000016ae8000 JavaThread "Finalizer" daemon [_thread_blocked, id=9820, stack(0x0000000017d70000,0x0000000017e70000)]
  0x0000000016ac7000 JavaThread "Reference Handler" daemon [_thread_blocked, id=8672, stack(0x0000000017c70000,0x0000000017d70000)]
  0x0000000003090800 JavaThread "main" [_thread_blocked, id=5228, stack(0x0000000002f90000,0x0000000003090000)]

Other Threads:
  0x0000000016ac4000 VMThread [stack: 0x0000000017b70000,0x0000000017c70000] [id=9732]
  0x00000000181d2000 WatcherThread [stack: 0x0000000018870000,0x0000000018970000] [id=2460]

=>0x00000000030ab800 (exited) GCTaskThread [stack: 0x0000000012d60000,0x0000000012e60000] [id=3460]

VM state:at safepoint (normal execution)

VM Mutex/Monitor currently owned by a thread:  ([mutex/lock_event])
[0x0000000002b5bf30] Threads_lock - owner thread: 0x0000000016ac4000
[0x0000000002b5c2b0] Heap_lock - owner thread: 0x000000001cb87000

Heap:
 PSYoungGen      total 349696K, used 136355K [0x00000000e0000000, 0x0000000100000000, 0x0000000100000000)
  eden space 175104K, 0% used [0x00000000e0000000,0x00000000e0000000,0x00000000eab00000)
  from space 174592K, 78% used [0x00000000f5580000,0x00000000fdaa8d58,0x0000000100000000)
  to   space 174592K, 0% used [0x00000000eab00000,0x00000000eab00000,0x00000000f5580000)
 ParOldGen       total 489472K, used 454522K [0x00000000a0000000, 0x00000000bde00000, 0x00000000e0000000)
  object space 489472K, 92% used [0x00000000a0000000,0x00000000bbbde8d0,0x00000000bde00000)
 Metaspace       used 94409K, capacity 98948K, committed 99376K, reserved 1136640K
  class space    used 11108K, capacity 11944K, committed 12080K, reserved 1048576K

Card table byte_map: [0x0000000012550000,0x0000000012860000] byte_map_base: 0x0000000012050000

Marking Bits: (ParMarkBitMap*) 0x000000005f129d00
 Begin Bits: [0x0000000012e60000, 0x0000000014660000)
 End Bits:   [0x0000000014660000, 0x0000000015e60000)

Polling page: 0x00000000009d0000

CodeCache: size=245760Kb used=96648Kb max_used=96874Kb free=149111Kb
 bounds [0x0000000003190000, 0x00000000090b0000, 0x0000000012190000]
 total_blobs=24700 nmethods=23788 adapters=822
 compilation: enabled

Compilation events (10 events):
Event: 3503.915 Thread 0x00000000181ca800 34398       3       com.android.dx.cf.code.BytecodeArray::parseTableswitch (205 bytes)
Event: 3503.916 Thread 0x00000000181ca800 nmethod 34398 0x000000000909d550 code [0x000000000909d800, 0x000000000909ed38]
Event: 3504.225 Thread 0x00000000181ca800 34399       3       com.android.dx.cf.direct.AnnotationParser::parseAnnotationsList (146 bytes)
Event: 3504.227 Thread 0x00000000181ca800 nmethod 34399 0x0000000005a82e50 code [0x0000000005a83220, 0x0000000005a854d8]
Event: 3504.228 Thread 0x00000000181ca800 34401       3       com.android.dx.dex.file.ParameterAnnotationStruct::<init> (127 bytes)
Event: 3504.229 Thread 0x00000000181ca800 nmethod 34401 0x0000000005904690 code [0x0000000005904900, 0x00000000059058d8]
Event: 3504.231 Thread 0x00000000181ca800 34400       3       com.android.dx.dex.file.AnnotationsDirectoryItem::addParameterAnnotations (37 bytes)
Event: 3504.232 Thread 0x00000000181ca800 nmethod 34400 0x000000000909cc10 code [0x000000000909cdc0, 0x000000000909d2b8]
Event: 3504.773 Thread 0x0000000016b5d000 34402   !   4       java.util.concurrent.ThreadPoolExecutor::getTask (179 bytes)
Event: 3504.776 Thread 0x0000000016b5d000 nmethod 34402 0x00000000057d0150 code [0x00000000057d02e0, 0x00000000057d06b8]

GC Heap History (10 events):
Event: 3504.209 GC heap after
Heap after GC invocations=234 (full 16):
 PSYoungGen      total 344064K, used 168956K [0x00000000e0000000, 0x0000000100000000, 0x0000000100000000)
  eden space 175104K, 0% used [0x00000000e0000000,0x00000000e0000000,0x00000000eab00000)
  from space 168960K, 99% used [0x00000000f5b00000,0x00000000fffff148,0x0000000100000000)
  to   space 174592K, 0% used [0x00000000eab00000,0x00000000eab00000,0x00000000f5580000)
 ParOldGen       total 489472K, used 325793K [0x00000000a0000000, 0x00000000bde00000, 0x00000000e0000000)
  object space 489472K, 66% used [0x00000000a0000000,0x00000000b3e284f8,0x00000000bde00000)
 Metaspace       used 94409K, capacity 98948K, committed 99376K, reserved 1136640K
  class space    used 11108K, capacity 11944K, committed 12080K, reserved 1048576K
}
Event: 3504.282 GC heap before
{Heap before GC invocations=235 (full 16):
 PSYoungGen      total 344064K, used 344060K [0x00000000e0000000, 0x0000000100000000, 0x0000000100000000)
  eden space 175104K, 100% used [0x00000000e0000000,0x00000000eab00000,0x00000000eab00000)
  from space 168960K, 99% used [0x00000000f5b00000,0x00000000fffff148,0x0000000100000000)
  to   space 174592K, 0% used [0x00000000eab00000,0x00000000eab00000,0x00000000f5580000)
 ParOldGen       total 489472K, used 325793K [0x00000000a0000000, 0x00000000bde00000, 0x00000000e0000000)
  object space 489472K, 66% used [0x00000000a0000000,0x00000000b3e284f8,0x00000000bde00000)
 Metaspace       used 94409K, capacity 98948K, committed 99376K, reserved 1136640K
  class space    used 11108K, capacity 11944K, committed 12080K, reserved 1048576K
Event: 3504.382 GC heap after
Heap after GC invocations=235 (full 16):
 PSYoungGen      total 349696K, used 174563K [0x00000000e0000000, 0x0000000100000000, 0x0000000100000000)
  eden space 175104K, 0% used [0x00000000e0000000,0x00000000e0000000,0x00000000eab00000)
  from space 174592K, 99% used [0x00000000eab00000,0x00000000f5578f78,0x00000000f5580000)
  to   space 174592K, 0% used [0x00000000f5580000,0x00000000f5580000,0x0000000100000000)
 ParOldGen       total 489472K, used 345035K [0x00000000a0000000, 0x00000000bde00000, 0x00000000e0000000)
  object space 489472K, 70% used [0x00000000a0000000,0x00000000b50f2c10,0x00000000bde00000)
 Metaspace       used 94409K, capacity 98948K, committed 99376K, reserved 1136640K
  class space    used 11108K, capacity 11944K, committed 12080K, reserved 1048576K
}
Event: 3504.457 GC heap before
{Heap before GC invocations=236 (full 16):
 PSYoungGen      total 349696K, used 349667K [0x00000000e0000000, 0x0000000100000000, 0x0000000100000000)
  eden space 175104K, 100% used [0x00000000e0000000,0x00000000eab00000,0x00000000eab00000)
  from space 174592K, 99% used [0x00000000eab00000,0x00000000f5578f78,0x00000000f5580000)
  to   space 174592K, 0% used [0x00000000f5580000,0x00000000f5580000,0x0000000100000000)
 ParOldGen       total 489472K, used 345035K [0x00000000a0000000, 0x00000000bde00000, 0x00000000e0000000)
  object space 489472K, 70% used [0x00000000a0000000,0x00000000b50f2c10,0x00000000bde00000)
 Metaspace       used 94409K, capacity 98948K, committed 99376K, reserved 1136640K
  class space    used 11108K, capacity 11944K, committed 12080K, reserved 1048576K
Event: 3504.563 GC heap after
Heap after GC invocations=236 (full 16):
 PSYoungGen      total 349696K, used 174580K [0x00000000e0000000, 0x0000000100000000, 0x0000000100000000)
  eden space 175104K, 0% used [0x00000000e0000000,0x00000000e0000000,0x00000000eab00000)
  from space 174592K, 99% used [0x00000000f5580000,0x00000000ffffd098,0x0000000100000000)
  to   space 174592K, 0% used [0x00000000eab00000,0x00000000eab00000,0x00000000f5580000)
 ParOldGen       total 489472K, used 369945K [0x00000000a0000000, 0x00000000bde00000, 0x00000000e0000000)
  object space 489472K, 75% used [0x00000000a0000000,0x00000000b6946418,0x00000000bde00000)
 Metaspace       used 94409K, capacity 98948K, committed 99376K, reserved 1136640K
  class space    used 11108K, capacity 11944K, committed 12080K, reserved 1048576K
}
Event: 3504.635 GC heap before
{Heap before GC invocations=237 (full 16):
 PSYoungGen      total 349696K, used 349684K [0x00000000e0000000, 0x0000000100000000, 0x0000000100000000)
  eden space 175104K, 100% used [0x00000000e0000000,0x00000000eab00000,0x00000000eab00000)
  from space 174592K, 99% used [0x00000000f5580000,0x00000000ffffd098,0x0000000100000000)
  to   space 174592K, 0% used [0x00000000eab00000,0x00000000eab00000,0x00000000f5580000)
 ParOldGen       total 489472K, used 369945K [0x00000000a0000000, 0x00000000bde00000, 0x00000000e0000000)
  object space 489472K, 75% used [0x00000000a0000000,0x00000000b6946418,0x00000000bde00000)
 Metaspace       used 94409K, capacity 98948K, committed 99376K, reserved 1136640K
  class space    used 11108K, capacity 11944K, committed 12080K, reserved 1048576K
Event: 3504.742 GC heap after
Heap after GC invocations=237 (full 16):
 PSYoungGen      total 349696K, used 152562K [0x00000000e0000000, 0x0000000100000000, 0x0000000100000000)
  eden space 175104K, 0% used [0x00000000e0000000,0x00000000e0000000,0x00000000eab00000)
  from space 174592K, 87% used [0x00000000eab00000,0x00000000f3ffc8c0,0x00000000f5580000)
  to   space 174592K, 0% used [0x00000000f5580000,0x00000000f5580000,0x0000000100000000)
 ParOldGen       total 489472K, used 413497K [0x00000000a0000000, 0x00000000bde00000, 0x00000000e0000000)
  object space 489472K, 84% used [0x00000000a0000000,0x00000000b93ce420,0x00000000bde00000)
 Metaspace       used 94409K, capacity 98948K, committed 99376K, reserved 1136640K
  class space    used 11108K, capacity 11944K, committed 12080K, reserved 1048576K
}
Event: 3504.827 GC heap before
{Heap before GC invocations=238 (full 16):
 PSYoungGen      total 349696K, used 327666K [0x00000000e0000000, 0x0000000100000000, 0x0000000100000000)
  eden space 175104K, 100% used [0x00000000e0000000,0x00000000eab00000,0x00000000eab00000)
  from space 174592K, 87% used [0x00000000eab00000,0x00000000f3ffc8c0,0x00000000f5580000)
  to   space 174592K, 0% used [0x00000000f5580000,0x00000000f5580000,0x0000000100000000)
 ParOldGen       total 489472K, used 413497K [0x00000000a0000000, 0x00000000bde00000, 0x00000000e0000000)
  object space 489472K, 84% used [0x00000000a0000000,0x00000000b93ce420,0x00000000bde00000)
 Metaspace       used 94409K, capacity 98948K, committed 99376K, reserved 1136640K
  class space    used 11108K, capacity 11944K, committed 12080K, reserved 1048576K
Event: 3504.926 GC heap after
Heap after GC invocations=238 (full 16):
 PSYoungGen      total 349696K, used 136355K [0x00000000e0000000, 0x0000000100000000, 0x0000000100000000)
  eden space 175104K, 0% used [0x00000000e0000000,0x00000000e0000000,0x00000000eab00000)
  from space 174592K, 78% used [0x00000000f5580000,0x00000000fdaa8d58,0x0000000100000000)
  to   space 174592K, 0% used [0x00000000eab00000,0x00000000eab00000,0x00000000f5580000)
 ParOldGen       total 489472K, used 454522K [0x00000000a0000000, 0x00000000bde00000, 0x00000000e0000000)
  object space 489472K, 92% used [0x00000000a0000000,0x00000000bbbde8d0,0x00000000bde00000)
 Metaspace       used 94409K, capacity 98948K, committed 99376K, reserved 1136640K
  class space    used 11108K, capacity 11944K, committed 12080K, reserved 1048576K
}
Event: 3504.926 GC heap before
{Heap before GC invocations=239 (full 17):
 PSYoungGen      total 349696K, used 136355K [0x00000000e0000000, 0x0000000100000000, 0x0000000100000000)
  eden space 175104K, 0% used [0x00000000e0000000,0x00000000e0000000,0x00000000eab00000)
  from space 174592K, 78% used [0x00000000f5580000,0x00000000fdaa8d58,0x0000000100000000)
  to   space 174592K, 0% used [0x00000000eab00000,0x00000000eab00000,0x00000000f5580000)
 ParOldGen       total 489472K, used 454522K [0x00000000a0000000, 0x00000000bde00000, 0x00000000e0000000)
  object space 489472K, 92% used [0x00000000a0000000,0x00000000bbbde8d0,0x00000000bde00000)
 Metaspace       used 94409K, capacity 98948K, committed 99376K, reserved 1136640K
  class space    used 11108K, capacity 11944K, committed 12080K, reserved 1048576K

Deoptimization events (10 events):
Event: 3498.486 Thread 0x0000000018351800 Uncommon trap: reason=class_check action=maybe_recompile pc=0x000000000780f6c0 method=com.google.common.collect.AbstractMapBasedMultimap$KeySet$1.next()Ljava/lang/Object; @ 5
Event: 3498.486 Thread 0x0000000018351800 Uncommon trap: reason=class_check action=maybe_recompile pc=0x00000000055b9b04 method=com.google.common.collect.AbstractMapBasedMultimap$WrappedCollection.refreshIfEmpty()V @ 59
Event: 3498.486 Thread 0x0000000018351800 Uncommon trap: reason=class_check action=maybe_recompile pc=0x00000000055b9b04 method=com.google.common.collect.AbstractMapBasedMultimap$WrappedCollection.refreshIfEmpty()V @ 59
Event: 3498.486 Thread 0x0000000018351800 Uncommon trap: reason=class_check action=maybe_recompile pc=0x000000000795bb0c method=com.google.common.collect.AbstractMapBasedMultimap$KeySet$1.hasNext()Z @ 4
Event: 3498.486 Thread 0x0000000018351800 Uncommon trap: reason=class_check action=maybe_recompile pc=0x000000000780f6c0 method=com.google.common.collect.AbstractMapBasedMultimap$KeySet$1.next()Ljava/lang/Object; @ 5
Event: 3498.486 Thread 0x0000000018351800 Uncommon trap: reason=class_check action=maybe_recompile pc=0x00000000055bc2f4 method=com.google.common.collect.AbstractMapBasedMultimap$WrappedCollection.refreshIfEmpty()V @ 59
Event: 3498.488 Thread 0x0000000018351800 Uncommon trap: reason=unstable_if action=reinterpret pc=0x00000000083f044c method=com.android.resources.ResourceFolderType.getTypeByName(Ljava/lang/String;)Lcom/android/resources/ResourceFolderType; @ 36
Event: 3498.489 Thread 0x0000000018351800 Uncommon trap: reason=bimorphic action=maybe_recompile pc=0x0000000005035f18 method=java.io.BufferedWriter.flushBuffer()V @ 34
Event: 3498.549 Thread 0x0000000018351800 Uncommon trap: reason=class_check action=maybe_recompile pc=0x00000000045ebda8 method=java.util.Properties$LineReader.readLine()I @ 410
Event: 3498.550 Thread 0x0000000018351800 Uncommon trap: reason=bimorphic action=maybe_recompile pc=0x0000000005035f18 method=java.io.BufferedWriter.flushBuffer()V @ 34

Internal exceptions (10 events):
Event: 3477.526 Thread 0x0000000018351800 Exception <a 'sun/nio/fs/WindowsException'> (0x00000000eb44c0e0) thrown at [C:\src\android\AOSP-openjdk\external\jetbrains\jdk\hotspot\src\share\vm\prims\jni.cpp, line 709]
Event: 3477.526 Thread 0x0000000018351800 Exception <a 'sun/nio/fs/WindowsException'> (0x00000000eb44ccf0) thrown at [C:\src\android\AOSP-openjdk\external\jetbrains\jdk\hotspot\src\share\vm\prims\jni.cpp, line 709]
Event: 3477.529 Thread 0x0000000018351800 Exception <a 'sun/nio/fs/WindowsException'> (0x00000000eb44f828) thrown at [C:\src\android\AOSP-openjdk\external\jetbrains\jdk\hotspot\src\share\vm\prims\jni.cpp, line 709]
Event: 3477.530 Thread 0x0000000018351800 Exception <a 'sun/nio/fs/WindowsException'> (0x00000000eb450478) thrown at [C:\src\android\AOSP-openjdk\external\jetbrains\jdk\hotspot\src\share\vm\prims\jni.cpp, line 709]
Event: 3477.530 Thread 0x0000000018351800 Exception <a 'sun/nio/fs/WindowsException'> (0x00000000eb452108) thrown at [C:\src\android\AOSP-openjdk\external\jetbrains\jdk\hotspot\src\share\vm\prims\jni.cpp, line 709]
Event: 3477.530 Thread 0x0000000018351800 Exception <a 'sun/nio/fs/WindowsException'> (0x00000000eb452d90) thrown at [C:\src\android\AOSP-openjdk\external\jetbrains\jdk\hotspot\src\share\vm\prims\jni.cpp, line 709]
Event: 3497.510 Thread 0x0000000018351800 Implicit null exception at 0x000000000827375e to 0x000000000827470d
Event: 3497.517 Thread 0x0000000018351800 Implicit null exception at 0x0000000008b31410 to 0x0000000008b32ccd
Event: 3498.656 Thread 0x0000000019e01800 Exception <a 'sun/nio/fs/WindowsException'> (0x00000000e80fd078) thrown at [C:\src\android\AOSP-openjdk\external\jetbrains\jdk\hotspot\src\share\vm\prims\jni.cpp, line 709]
Event: 3498.656 Thread 0x0000000019e01800 Exception <a 'sun/nio/fs/WindowsException'> (0x00000000e80fd7f0) thrown at [C:\src\android\AOSP-openjdk\external\jetbrains\jdk\hotspot\src\share\vm\prims\jni.cpp, line 709]

Events (10 events):
Event: 3504.231 Thread 0x00000000181ca800 flushing nmethod 0x0000000007bbc310
Event: 3504.232 Thread 0x00000000181ca800 flushing nmethod 0x0000000007c41090
Event: 3504.233 Thread 0x00000000181ca800 flushing nmethod 0x0000000008294c10
Event: 3504.282 Executing VM operation: ParallelGCFailedAllocation
Event: 3504.383 Executing VM operation: ParallelGCFailedAllocation done
Event: 3504.457 Executing VM operation: ParallelGCFailedAllocation
Event: 3504.563 Executing VM operation: ParallelGCFailedAllocation done
Event: 3504.635 Executing VM operation: ParallelGCFailedAllocation
Event: 3504.742 Executing VM operation: ParallelGCFailedAllocation done
Event: 3504.827 Executing VM operation: ParallelGCFailedAllocation


Dynamic libraries:
0x00007ff7a5460000 - 0x00007ff7a5491000 	E:\As\jre\bin\java.exe
0x00007ffe7cbd0000 - 0x00007ffe7cdb1000 	C:\WINDOWS\SYSTEM32\ntdll.dll
0x00007ffe7c860000 - 0x00007ffe7c911000 	C:\WINDOWS\System32\KERNEL32.DLL
0x00007ffe79300000 - 0x00007ffe79573000 	C:\WINDOWS\System32\KERNELBASE.dll
0x00007ffe7bcf0000 - 0x00007ffe7bd91000 	C:\WINDOWS\System32\ADVAPI32.dll
0x00007ffe7bbf0000 - 0x00007ffe7bc8e000 	C:\WINDOWS\System32\msvcrt.dll
0x00007ffe7c400000 - 0x00007ffe7c45b000 	C:\WINDOWS\System32\sechost.dll
0x00007ffe7be20000 - 0x00007ffe7bf44000 	C:\WINDOWS\System32\RPCRT4.dll
0x00007ffe7c920000 - 0x00007ffe7cab0000 	C:\WINDOWS\System32\USER32.dll
0x00007ffe79930000 - 0x00007ffe79950000 	C:\WINDOWS\System32\win32u.dll
0x00007ffe7a700000 - 0x00007ffe7a728000 	C:\WINDOWS\System32\GDI32.dll
0x00007ffe796e0000 - 0x00007ffe79871000 	C:\WINDOWS\System32\gdi32full.dll
0x00007ffe79190000 - 0x00007ffe7922f000 	C:\WINDOWS\System32\msvcp_win.dll
0x00007ffe795e0000 - 0x00007ffe796d8000 	C:\WINDOWS\System32\ucrtbase.dll
0x00007ffe6c3d0000 - 0x00007ffe6c639000 	C:\WINDOWS\WinSxS\amd64_microsoft.windows.common-controls_6595b64144ccf1df_6.0.17134.885_none_fb42a3473065565f\COMCTL32.dll
0x00007ffe7c0d0000 - 0x00007ffe7c3f2000 	C:\WINDOWS\System32\combase.dll
0x00007ffe79280000 - 0x00007ffe792f9000 	C:\WINDOWS\System32\bcryptPrimitives.dll
0x00007ffe7a060000 - 0x00007ffe7a08d000 	C:\WINDOWS\System32\IMM32.DLL
0x000000005e040000 - 0x000000005e112000 	E:\As\jre\jre\bin\msvcr100.dll
0x000000005e970000 - 0x000000005f1a4000 	E:\As\jre\jre\bin\server\jvm.dll
0x00007ffe7c460000 - 0x00007ffe7c468000 	C:\WINDOWS\System32\PSAPI.DLL
0x00007ffe685b0000 - 0x00007ffe685b9000 	C:\WINDOWS\SYSTEM32\WSOCK32.dll
0x00007ffe7bb80000 - 0x00007ffe7bbec000 	C:\WINDOWS\System32\WS2_32.dll
0x00007ffe76eb0000 - 0x00007ffe76ed3000 	C:\WINDOWS\SYSTEM32\WINMM.dll
0x00007ffe77b10000 - 0x00007ffe77b1a000 	C:\WINDOWS\SYSTEM32\VERSION.dll
0x00007ffe76da0000 - 0x00007ffe76dca000 	C:\WINDOWS\SYSTEM32\WINMMBASE.dll
0x00007ffe79230000 - 0x00007ffe79279000 	C:\WINDOWS\System32\cfgmgr32.dll
0x00007ffe6f770000 - 0x00007ffe6f77f000 	E:\As\jre\jre\bin\verify.dll
0x00007ffe4ded0000 - 0x00007ffe4def9000 	E:\As\jre\jre\bin\java.dll
0x00007ffe6ca40000 - 0x00007ffe6ca56000 	E:\As\jre\jre\bin\zip.dll
0x00007ffe7a730000 - 0x00007ffe7bb70000 	C:\WINDOWS\System32\SHELL32.dll
0x00007ffe7a090000 - 0x00007ffe7a139000 	C:\WINDOWS\System32\shcore.dll
0x00007ffe79950000 - 0x00007ffe7a05d000 	C:\WINDOWS\System32\windows.storage.dll
0x00007ffe7c540000 - 0x00007ffe7c591000 	C:\WINDOWS\System32\shlwapi.dll
0x00007ffe78f80000 - 0x00007ffe78f91000 	C:\WINDOWS\System32\kernel.appcore.dll
0x00007ffe78f60000 - 0x00007ffe78f7f000 	C:\WINDOWS\System32\profapi.dll
0x00007ffe78f10000 - 0x00007ffe78f5c000 	C:\WINDOWS\System32\powrprof.dll
0x00007ffe78f00000 - 0x00007ffe78f0a000 	C:\WINDOWS\System32\FLTLIB.DLL
0x00007ffe4de80000 - 0x00007ffe4de9a000 	E:\As\jre\jre\bin\net.dll
0x00007ffe786e0000 - 0x00007ffe78746000 	C:\WINDOWS\system32\mswsock.dll
0x00007ffe4ca60000 - 0x00007ffe4ca71000 	E:\As\jre\jre\bin\nio.dll
0x00007ffe4c740000 - 0x00007ffe4c752000 	C:\Users\DELL\.gradle\native\19\windows-amd64\native-platform.dll
0x00007ffe788a0000 - 0x00007ffe788b7000 	C:\WINDOWS\SYSTEM32\CRYPTSP.dll
0x00007ffe782d0000 - 0x00007ffe78303000 	C:\WINDOWS\system32\rsaenh.dll
0x00007ffe789c0000 - 0x00007ffe789e5000 	C:\WINDOWS\SYSTEM32\bcrypt.dll
0x00007ffe78e10000 - 0x00007ffe78e38000 	C:\WINDOWS\SYSTEM32\USERENV.dll
0x00007ffe78890000 - 0x00007ffe7889b000 	C:\WINDOWS\SYSTEM32\CRYPTBASE.dll
0x00007ffe78470000 - 0x00007ffe784a8000 	C:\WINDOWS\SYSTEM32\IPHLPAPI.DLL
0x00007ffe7bb70000 - 0x00007ffe7bb78000 	C:\WINDOWS\System32\NSI.dll
0x00007ffe6c1c0000 - 0x00007ffe6c1d6000 	C:\WINDOWS\SYSTEM32\dhcpcsvc6.DLL
0x00007ffe6c1a0000 - 0x00007ffe6c1ba000 	C:\WINDOWS\SYSTEM32\dhcpcsvc.DLL
0x00007ffe6b350000 - 0x00007ffe6b35d000 	E:\As\jre\jre\bin\management.dll
0x00007ffe49710000 - 0x00007ffe498a3000 	E:\As\jre\jre\bin\awt.dll
0x00007ffe7c470000 - 0x00007ffe7c532000 	C:\WINDOWS\System32\OLEAUT32.dll
0x00007ffe770d0000 - 0x00007ffe7715b000 	C:\WINDOWS\SYSTEM32\apphelp.dll
0x00007ffe774d0000 - 0x00007ffe774f9000 	C:\WINDOWS\system32\DWMAPI.DLL
0x00007ffe77280000 - 0x00007ffe77318000 	C:\WINDOWS\system32\uxtheme.dll
0x00007ffe77fc0000 - 0x00007ffe77ff1000 	C:\WINDOWS\SYSTEM32\ntmarta.dll
0x00007ffe5fe80000 - 0x00007ffe60049000 	C:\WINDOWS\SYSTEM32\dbghelp.dll

VM Arguments:
jvm_args: -Xmx1536m -Dfile.encoding=GBK -Duser.country=CN -Duser.language=zh -Duser.variant 
java_command: org.gradle.launcher.daemon.bootstrap.GradleDaemon 2.14.1
java_class_path (initial): C:\Users\DELL\.gradle\wrapper\dists\gradle-2.14.1-all\8bnwg5hd3w55iofp58khbp6yv\gradle-2.14.1\lib\gradle-launcher-2.14.1.jar
Launcher Type: SUN_STANDARD

Environment Variables:
PATH=C:\ProgramData\Oracle\Java\javapath;C:\Program Files (x86)\Intel\iCLS Client\;C:\Program Files\Intel\iCLS Client\;C:\WINDOWS\system32;C:\WINDOWS;C:\WINDOWS\System32\Wbem;C:\WINDOWS\System32\WindowsPowerShell\v1.0\;C:\Program Files (x86)\Intel\Intel(R) Management Engine Components\DAL;C:\Program Files\Intel\Intel(R) Management Engine Components\DAL;C:\Program Files (x86)\Intel\Intel(R) Management Engine Components\IPT;C:\Program Files\Intel\Intel(R) Management Engine Components\IPT;C:\Program Files (x86)\Java\jdk1.8.0_121\jre\bin;C:\Program Files\TortoiseSVN\bin;C:\Program Files\Microsoft SQL Server\120\Tools\Binn\;C:\Program Files\Microsoft SQL Server\130\Tools\Binn\;C:\Users\DELL\AppData\Local\Android\sdk\platform-tools;C:\Users\DELL\AppData\Local\Android\sdk\tools\bin;C:\WINDOWS\System32\OpenSSH\;C:\Program Files\MySQL\MySQL Server 8.0\bin;C:\Program Files\dotnet\;E:\download\Android\android\sdk;F:\flutter\bin;E:\Program Files\Git\cmd;E:\Program Files\nodejs\;E:\Program Files\nodejs\node_modules\npm\bin;F:\flutter\bin\cache\dart-sdk\bin;F:\flutter\.pub-cache\bin;C:\Program Files\MySQL\MySQL Shell 8.0\bin\
USERNAME=DELL
OS=Windows_NT
PROCESSOR_IDENTIFIER=Intel64 Family 6 Model 158 Stepping 9, GenuineIntel



---------------  S Y S T E M  ---------------

OS: Windows 10.0 , 64 bit Build 17134 (10.0.17134.753)

CPU:total 4 (4 cores per cpu, 1 threads per core) family 6 model 158 stepping 9, cmov, cx8, fxsr, mmx, sse, sse2, sse3, ssse3, sse4.1, sse4.2, popcnt, avx, avx2, aes, clmul, erms, 3dnowpref, lzcnt, tsc, tscinvbit, bmi1, bmi2, adx

Memory: 4k page, physical 8294960k(1908376k free), swap 15897136k(8249132k free)

vm_info: OpenJDK 64-Bit Server VM (25.76-b03) for windows-amd64 JRE (1.8.0_76-release-b03), built on Jun 29 2016 19:09:20 by "ralucas" with MS VC++ 10.0 (VS2010)

time: Tue Aug 06 11:47:21 2019
elapsed time: 3505 seconds (0d 0h 58m 25s)

